15:25:44 **** Build of configuration Debug for project insertion_sort ****
make all 
Building file: ../src/insertion_sort.c
Invoking: GCC C Compiler
gcc -O0 -g3 -Wall -c -fmessage-length=0 -MMD -MP -MF"src/insertion_sort.d" -MT"src/insertion_sort.o" -o "src/insertion_sort.o" "../src/insertion_sort.c"
../src/insertion_sort.c:36:9: warning: incompatible integer to pointer conversion passing 'int' to parameter of type 'int *'; remove * [-Wint-conversion]
        insert(*a,9);
               ^~
../src/insertion_sort.c:17:18: note: passing argument to parameter 'data' here
void insert(int *data, int size) {
                 ^
../src/insertion_sort.c:37:14: warning: format specifies type 'int' but the argument has type 'int *' [-Wformat]
        printf("%d",a);
                ~~  ^
2 warnings generated.
Finished building: ../src/insertion_sort.c
 
Building target: insertion_sort
Invoking: MacOS X C Linker
gcc  -o "insertion_sort"  ./src/insertion_sort.o   
Finished building target: insertion_sort
 
15:25:51 **** Incremental Build of configuration Debug for project insertion_sort ****
make all 
make: Nothing to be done for `all'.
15:25:55 **** Incremental Build of configuration Debug for project insertion_sort ****
make all 
make: Nothing to be done for `all'.
15:26:02 **** Incremental Build of configuration Debug for project insertion_sort ****
make all 
make: Nothing to be done for `all'.
15:26:39 **** Incremental Build of configuration Debug for project insertion_sort ****
make all 
make: Nothing to be done for `all'.
15:26:49 **** Incremental Build of configuration Debug for project insertion_sort ****
make all 
make: Nothing to be done for `all'.
15:26:55 **** Incremental Build of configuration Debug for project insertion_sort ****
make all 
make: Nothing to be done for `all'.
15:27:19 **** Incremental Build of configuration Debug for project insertion_sort ****
make all 
Building file: ../src/insertion_sort.c
Invoking: GCC C Compiler
gcc -O0 -g3 -Wall -c -fmessage-length=0 -MMD -MP -MF"src/insertion_sort.d" -MT"src/insertion_sort.o" -o "src/insertion_sort.o" "../src/insertion_sort.c"
../src/insertion_sort.c:37:14: warning: format specifies type 'int' but the argument has type 'int *' [-Wformat]
        printf("%d",a);
                ~~  ^
1 warning generated.
Finished building: ../src/insertion_sort.c
 
Building target: insertion_sort
Invoking: MacOS X C Linker
gcc  -o "insertion_sort"  ./src/insertion_sort.o   
Finished building target: insertion_sort
 
15:27:57 **** Incremental Build of configuration Debug for project insertion_sort ****
make all 
Building file: ../src/insertion_sort.c
Invoking: GCC C Compiler
gcc -O0 -g3 -Wall -c -fmessage-length=0 -MMD -MP -MF"src/insertion_sort.d" -MT"src/insertion_sort.o" -o "src/insertion_sort.o" "../src/insertion_sort.c"
Finished building: ../src/insertion_sort.c
 
Building target: insertion_sort
Invoking: MacOS X C Linker
gcc  -o "insertion_sort"  ./src/insertion_sort.o   
Finished building target: insertion_sort
 
15:28:47 **** Incremental Build of configuration Debug for project insertion_sort ****
make all 
Building file: ../src/insertion_sort.c
Invoking: GCC C Compiler
gcc -O0 -g3 -Wall -c -fmessage-length=0 -MMD -MP -MF"src/insertion_sort.d" -MT"src/insertion_sort.o" -o "src/insertion_sort.o" "../src/insertion_sort.c"
../src/insertion_sort.c:38:15: error: indirection requires pointer operand ('int' invalid)
                printf("%d",*a[i]);
                            ^~~~~
1 error generated.
make: *** [src/insertion_sort.o] Error 1
15:30:11 **** Incremental Build of configuration Debug for project insertion_sort ****
make all 
Building file: ../src/insertion_sort.c
Invoking: GCC C Compiler
gcc -O0 -g3 -Wall -c -fmessage-length=0 -MMD -MP -MF"src/insertion_sort.d" -MT"src/insertion_sort.o" -o "src/insertion_sort.o" "../src/insertion_sort.c"
../src/insertion_sort.c:38:15: error: indirection requires pointer operand ('int' invalid)
                printf("%n",*a[i]);
                            ^~~~~
1 error generated.
make: *** [src/insertion_sort.o] Error 1
15:30:16 **** Incremental Build of configuration Debug for project insertion_sort ****
make all 
Building file: ../src/insertion_sort.c
Invoking: GCC C Compiler
gcc -O0 -g3 -Wall -c -fmessage-length=0 -MMD -MP -MF"src/insertion_sort.d" -MT"src/insertion_sort.o" -o "src/insertion_sort.o" "../src/insertion_sort.c"
../src/insertion_sort.c:38:15: error: indirection requires pointer operand ('int' invalid)
                printf("%n",*a[i]);
                            ^~~~~
1 error generated.
make: *** [src/insertion_sort.o] Error 1
15:30:30 **** Incremental Build of configuration Debug for project insertion_sort ****
make all 
Building file: ../src/insertion_sort.c
Invoking: GCC C Compiler
gcc -O0 -g3 -Wall -c -fmessage-length=0 -MMD -MP -MF"src/insertion_sort.d" -MT"src/insertion_sort.o" -o "src/insertion_sort.o" "../src/insertion_sort.c"
../src/insertion_sort.c:38:15: warning: format specifies type 'int *' but the argument has type 'int' [-Wformat]
                printf("%n",a[i]);
                        ~~  ^~~~
1 warning generated.
Finished building: ../src/insertion_sort.c
 
Building target: insertion_sort
Invoking: MacOS X C Linker
gcc  -o "insertion_sort"  ./src/insertion_sort.o   
Finished building target: insertion_sort
 
15:30:37 **** Incremental Build of configuration Debug for project insertion_sort ****
make all 
make: Nothing to be done for `all'.
15:30:52 **** Incremental Build of configuration Debug for project insertion_sort ****
make all 
Building file: ../src/insertion_sort.c
Invoking: GCC C Compiler
gcc -O0 -g3 -Wall -c -fmessage-length=0 -MMD -MP -MF"src/insertion_sort.d" -MT"src/insertion_sort.o" -o "src/insertion_sort.o" "../src/insertion_sort.c"
Finished building: ../src/insertion_sort.c
 
Building target: insertion_sort
Invoking: MacOS X C Linker
gcc  -o "insertion_sort"  ./src/insertion_sort.o   
Finished building target: insertion_sort
 
15:31:36 **** Incremental Build of configuration Debug for project insertion_sort ****
make all 
Building file: ../src/insertion_sort.c
Invoking: GCC C Compiler
gcc -O0 -g3 -Wall -c -fmessage-length=0 -MMD -MP -MF"src/insertion_sort.d" -MT"src/insertion_sort.o" -o "src/insertion_sort.o" "../src/insertion_sort.c"
Finished building: ../src/insertion_sort.c
 
Building target: insertion_sort
Invoking: MacOS X C Linker
gcc  -o "insertion_sort"  ./src/insertion_sort.o   
Finished building target: insertion_sort
 
15:32:14 **** Incremental Build of configuration Debug for project insertion_sort ****
make all 
Building file: ../src/insertion_sort.c
Invoking: GCC C Compiler
gcc -O0 -g3 -Wall -c -fmessage-length=0 -MMD -MP -MF"src/insertion_sort.d" -MT"src/insertion_sort.o" -o "src/insertion_sort.o" "../src/insertion_sort.c"
../src/insertion_sort.c:40:9: warning: incompatible integer to pointer conversion passing 'int' to parameter of type 'int *'; remove * [-Wint-conversion]
        insert(*a,9);
               ^~
../src/insertion_sort.c:17:18: note: passing argument to parameter 'data' here
void insert(int *data, int size) {
                 ^
1 warning generated.
Finished building: ../src/insertion_sort.c
 
Building target: insertion_sort
Invoking: MacOS X C Linker
gcc  -o "insertion_sort"  ./src/insertion_sort.o   
Finished building target: insertion_sort
 
15:32:42 **** Incremental Build of configuration Debug for project insertion_sort ****
make all 
Building file: ../src/insertion_sort.c
Invoking: GCC C Compiler
gcc -O0 -g3 -Wall -c -fmessage-length=0 -MMD -MP -MF"src/insertion_sort.d" -MT"src/insertion_sort.o" -o "src/insertion_sort.o" "../src/insertion_sort.c"
../src/insertion_sort.c:40:9: warning: incompatible integer to pointer conversion passing 'int' to parameter of type 'int *'; remove * [-Wint-conversion]
        insert(*a,9);
               ^~
../src/insertion_sort.c:17:18: note: passing argument to parameter 'data' here
void insert(int *data, int size) {
                 ^
1 warning generated.
Finished building: ../src/insertion_sort.c
 
Building target: insertion_sort
Invoking: MacOS X C Linker
gcc  -o "insertion_sort"  ./src/insertion_sort.o   
Finished building target: insertion_sort
 
15:33:09 **** Incremental Build of configuration Debug for project insertion_sort ****
make all 
Building file: ../src/insertion_sort.c
Invoking: GCC C Compiler
gcc -O0 -g3 -Wall -c -fmessage-length=0 -MMD -MP -MF"src/insertion_sort.d" -MT"src/insertion_sort.o" -o "src/insertion_sort.o" "../src/insertion_sort.c"
Finished building: ../src/insertion_sort.c
 
Building target: insertion_sort
Invoking: MacOS X C Linker
gcc  -o "insertion_sort"  ./src/insertion_sort.o   
Finished building target: insertion_sort
 
15:33:36 **** Incremental Build of configuration Debug for project insertion_sort ****
make all 
Building file: ../src/insertion_sort.c
Invoking: GCC C Compiler
gcc -O0 -g3 -Wall -c -fmessage-length=0 -MMD -MP -MF"src/insertion_sort.d" -MT"src/insertion_sort.o" -o "src/insertion_sort.o" "../src/insertion_sort.c"
Finished building: ../src/insertion_sort.c
 
Building target: insertion_sort
Invoking: MacOS X C Linker
gcc  -o "insertion_sort"  ./src/insertion_sort.o   
Finished building target: insertion_sort
 
15:34:07 **** Incremental Build of configuration Debug for project insertion_sort ****
make all 
Building file: ../src/insertion_sort.c
Invoking: GCC C Compiler
gcc -O0 -g3 -Wall -c -fmessage-length=0 -MMD -MP -MF"src/insertion_sort.d" -MT"src/insertion_sort.o" -o "src/insertion_sort.o" "../src/insertion_sort.c"
../src/insertion_sort.c:35:14: warning: incompatible integer to pointer conversion initializing 'int *' with an expression of type 'int' [-Wint-conversion]
        int* a[] = {9,7,6,8,5,4,3,1,2};
                    ^
../src/insertion_sort.c:35:16: warning: incompatible integer to pointer conversion initializing 'int *' with an expression of type 'int' [-Wint-conversion]
        int* a[] = {9,7,6,8,5,4,3,1,2};
                      ^
../src/insertion_sort.c:35:18: warning: incompatible integer to pointer conversion initializing 'int *' with an expression of type 'int' [-Wint-conversion]
        int* a[] = {9,7,6,8,5,4,3,1,2};
                        ^
../src/insertion_sort.c:35:20: warning: incompatible integer to pointer conversion initializing 'int *' with an expression of type 'int' [-Wint-conversion]
        int* a[] = {9,7,6,8,5,4,3,1,2};
                          ^
../src/insertion_sort.c:35:22: warning: incompatible integer to pointer conversion initializing 'int *' with an expression of type 'int' [-Wint-conversion]
        int* a[] = {9,7,6,8,5,4,3,1,2};
                            ^
../src/insertion_sort.c:35:24: warning: incompatible integer to pointer conversion initializing 'int *' with an expression of type 'int' [-Wint-conversion]
        int* a[] = {9,7,6,8,5,4,3,1,2};
                              ^
../src/insertion_sort.c:35:26: warning: incompatible integer to pointer conversion initializing 'int *' with an expression of type 'int' [-Wint-conversion]
        int* a[] = {9,7,6,8,5,4,3,1,2};
                                ^
../src/insertion_sort.c:35:28: warning: incompatible integer to pointer conversion initializing 'int *' with an expression of type 'int' [-Wint-conversion]
        int* a[] = {9,7,6,8,5,4,3,1,2};
                                  ^
../src/insertion_sort.c:35:30: warning: incompatible integer to pointer conversion initializing 'int *' with an expression of type 'int' [-Wint-conversion]
        int* a[] = {9,7,6,8,5,4,3,1,2};
                                    ^
../src/insertion_sort.c:37:15: warning: format specifies type 'int' but the argument has type 'int *' [-Wformat]
                printf("%d",a[i]);
                        ~~  ^~~~
../src/insertion_sort.c:43:15: warning: format specifies type 'int' but the argument has type 'int *' [-Wformat]
                printf("%d",a[i]);
                        ~~  ^~~~
Finished building: ../src/insertion_sort.c
11 warnings generated.
 
Building target: insertion_sort
Invoking: MacOS X C Linker
gcc  -o "insertion_sort"  ./src/insertion_sort.o   
Finished building target: insertion_sort
 
15:34:27 **** Incremental Build of configuration Debug for project insertion_sort ****
make all 
Building file: ../src/insertion_sort.c
Invoking: GCC C Compiler
gcc -O0 -g3 -Wall -c -fmessage-length=0 -MMD -MP -MF"src/insertion_sort.d" -MT"src/insertion_sort.o" -o "src/insertion_sort.o" "../src/insertion_sort.c"
Finished building: ../src/insertion_sort.c
 
Building target: insertion_sort
Invoking: MacOS X C Linker
gcc  -o "insertion_sort"  ./src/insertion_sort.o   
Finished building target: insertion_sort
 
15:34:30 **** Incremental Build of configuration Debug for project insertion_sort ****
make all 
make: Nothing to be done for `all'.
